yarn run v1.22.5
warning package.json: No license field
warning ../../../../package.json: No license field
$ NATS_SERVERS=127.0.0.1:42222 nodemon --watch node_modules/@geekagency/microservice-common-libs/dist --watch src --exec babel-node src/index.js
[33m[nodemon] 2.0.2[39m
[33m[nodemon] to restart at any time, enter `rs`[39m
[33m[nodemon] watching dir(s): node_modules/@geekagency/microservice-common-libs/dist/**/* src/**/*[39m
[33m[nodemon] watching extensions: js,mjs,json[39m
[32m[nodemon] starting `babel-node src/index.js`[39m
{ result: { n: 1, ok: 1 },
  connection:
   { domain: null,
     _events: {},
     _eventsCount: 4,
     id: 1,
     address: '127.0.0.1:27017',
     bson: {},
     socketTimeout: 360000,
     monitorCommands: false,
     closed: false,
     destroyed: false,
     lastIsMasterMS: 1 },
  message:
   { parsed: true,
     raw: { type: 'Buffer', data: [Array] },
     data: { type: 'Buffer', data: [Array] },
     bson: {},
     opts:
      { promoteLongs: true,
        promoteValues: true,
        promoteBuffers: false },
     length: 45,
     requestId: 7287,
     responseTo: 2,
     opCode: 2013,
     responseFlags: 0,
     checksumPresent: false,
     moreToCome: false,
     exhaustAllowed: false,
     promoteLongs: true,
     promoteValues: true,
     promoteBuffers: false,
     documents: [ [Object] ],
     index: 29 },
  ops:
   [ { tracker_id: '49d2de17-3b1b-4260-abc6-66ddd42f3450',
       pub_key: 'prout',
       _id: '5f50e01ad7fa46e7dd090a97' } ],
  insertedCount: 1,
  insertedId: '5f50e01ad7fa46e7dd090a97' }
{ result: { n: 1, ok: 1 },
  connection:
   { domain: null,
     _events: {},
     _eventsCount: 4,
     id: 1,
     address: '127.0.0.1:27017',
     bson: {},
     socketTimeout: 360000,
     monitorCommands: false,
     closed: false,
     destroyed: false,
     lastIsMasterMS: 1 },
  message:
   { parsed: true,
     raw: { type: 'Buffer', data: [Array] },
     data: { type: 'Buffer', data: [Array] },
     bson: {},
     opts:
      { promoteLongs: true,
        promoteValues: true,
        promoteBuffers: false },
     length: 45,
     requestId: 7369,
     responseTo: 7,
     opCode: 2013,
     responseFlags: 0,
     checksumPresent: false,
     moreToCome: false,
     exhaustAllowed: false,
     promoteLongs: true,
     promoteValues: true,
     promoteBuffers: false,
     documents: [ [Object] ],
     index: 29 },
  ops:
   [ { tracker_id: '49d2de17-3b1b-4260-abc6-66ddd42f345f',
       pub_key: 'prout',
       _id: '5f50e03ad7fa46e7dd090a98' } ],
  insertedCount: 1,
  insertedId: '5f50e03ad7fa46e7dd090a98' }
{ result: { n: 1, ok: 1 },
  connection:
   { domain: null,
     _events: {},
     _eventsCount: 4,
     id: 1,
     address: '127.0.0.1:27017',
     bson: {},
     socketTimeout: 360000,
     monitorCommands: false,
     closed: false,
     destroyed: false,
     lastIsMasterMS: 1 },
  message:
   { parsed: true,
     raw: { type: 'Buffer', data: [Array] },
     data: { type: 'Buffer', data: [Array] },
     bson: {},
     opts:
      { promoteLongs: true,
        promoteValues: true,
        promoteBuffers: false },
     length: 45,
     requestId: 7423,
     responseTo: 10,
     opCode: 2013,
     responseFlags: 0,
     checksumPresent: false,
     moreToCome: false,
     exhaustAllowed: false,
     promoteLongs: true,
     promoteValues: true,
     promoteBuffers: false,
     documents: [ [Object] ],
     index: 29 },
  ops:
   [ { tracker_id: '49d2de17-3b1b-4260-abc6-66ddd42f345b',
       pub_key: 'prout',
       _id: '5f50e042d7fa46e7dd090a99' } ],
  insertedCount: 1,
  insertedId: '5f50e042d7fa46e7dd090a99' }
{ result: { n: 1, ok: 1 },
  connection:
   { domain: null,
     _events: {},
     _eventsCount: 4,
     id: 2,
     address: '127.0.0.1:27017',
     bson: {},
     socketTimeout: 360000,
     monitorCommands: false,
     closed: false,
     destroyed: false,
     lastIsMasterMS: 1 },
  message:
   { parsed: true,
     raw: { type: 'Buffer', data: [Array] },
     data: { type: 'Buffer', data: [Array] },
     bson: {},
     opts:
      { promoteLongs: true,
        promoteValues: true,
        promoteBuffers: false },
     length: 45,
     requestId: 7802,
     responseTo: 91,
     opCode: 2013,
     responseFlags: 0,
     checksumPresent: false,
     moreToCome: false,
     exhaustAllowed: false,
     promoteLongs: true,
     promoteValues: true,
     promoteBuffers: false,
     documents: [ [Object] ],
     index: 29 },
  ops:
   [ { tracker_id: '49d2de17-3b1b-4260-abc6-66ddd42f345b',
       pub_key: 'prout',
       _id: '5f50e358d7fa46e7dd090a9a' } ],
  insertedCount: 1,
  insertedId: '5f50e358d7fa46e7dd090a9a' }
[32m[nodemon] restarting due to changes...[39m
[32m[nodemon] restarting due to changes...[39m
[32m[nodemon] starting `babel-node src/index.js`[39m
{ result: { n: 1, ok: 1 },
  connection:
   { domain: null,
     _events: {},
     _eventsCount: 4,
     id: 1,
     address: '127.0.0.1:27017',
     bson: {},
     socketTimeout: 360000,
     monitorCommands: false,
     closed: false,
     destroyed: false,
     lastIsMasterMS: 0 },
  message:
   { parsed: true,
     raw: { type: 'Buffer', data: [Array] },
     data: { type: 'Buffer', data: [Array] },
     bson: {},
     opts:
      { promoteLongs: true,
        promoteValues: true,
        promoteBuffers: false },
     length: 45,
     requestId: 13029,
     responseTo: 1159,
     opCode: 2013,
     responseFlags: 0,
     checksumPresent: false,
     moreToCome: false,
     exhaustAllowed: false,
     promoteLongs: true,
     promoteValues: true,
     promoteBuffers: false,
     documents: [ [Object] ],
     index: 29 },
  ops:
   [ { tracker_id: '25fb97d8-e039-4ec9-97d1-05d9b903685c',
       pub_key:
        '-----BEGIN PGP PUBLIC KEY BLOCK-----\r\nVersion: OpenPGP.js v4.10.8\r\nComment: https://openpgpjs.org\r\n\r\nxjMEX1EWohYJKwYBBAHaRw8BAQdAhz40qhW9v41G1LWaA9sxfWm2rNwhkW01\r\nyFRMRNW9hXXNFmZkdCA8ZmFiaWVuQGRpdG9yZS5jaD7CjwQQFgoAIAUCX1EW\r\nogYLCQcIAwIEFQgKAgQWAgEAAhkBAhsDAh4BACEJEIqJLEfjgp6QFiEEgx/L\r\nn0nOM1xXZXnlioksR+OCnpAEqQD/beDvWE72dIuU2R7dgZBtcOfzDpcOpuS4\r\nCPqmhq28xJwBAKaZOYxbAU/bEeEev6/UIRzlTERzWsXhKRoKxMpdgXYPzjgE\r\nX1EWohIKKwYBBAGXVQEFAQEHQPw2sLlXxAFBZhtQScp/8b58xUURzK8g9tks\r\nL201UOtjAwEIB8J4BBgWCAAJBQJfURaiAhsMACEJEIqJLEfjgp6QFiEEgx/L\r\nn0nOM1xXZXnlioksR+OCnpCLewEA8103g9prMqLhlEg2YlrRdka5+PxDcczV\r\nE31Dup3UUdkA/3P4mPhVgO4OkS4vaskVxdSJDQbkTykC06Z3qJ7PDEAL\r\n=eirr\r\n-----END PGP PUBLIC KEY BLOCK-----\r\n',
       _id: '5f5116a247167df48862165b' } ],
  insertedCount: 1,
  insertedId: '5f5116a247167df48862165b' }
{ result: { n: 1, ok: 1 },
  connection:
   { domain: null,
     _events: {},
     _eventsCount: 4,
     id: 1,
     address: '127.0.0.1:27017',
     bson: {},
     socketTimeout: 360000,
     monitorCommands: false,
     closed: false,
     destroyed: false,
     lastIsMasterMS: 0 },
  message:
   { parsed: true,
     raw: { type: 'Buffer', data: [Array] },
     data: { type: 'Buffer', data: [Array] },
     bson: {},
     opts:
      { promoteLongs: true,
        promoteValues: true,
        promoteBuffers: false },
     length: 45,
     requestId: 13054,
     responseTo: 1167,
     opCode: 2013,
     responseFlags: 0,
     checksumPresent: false,
     moreToCome: false,
     exhaustAllowed: false,
     promoteLongs: true,
     promoteValues: true,
     promoteBuffers: false,
     documents: [ [Object] ],
     index: 29 },
  ops:
   [ { tracker_id: '57cc1a20-8ff5-4581-acca-a22401b8646e',
       pub_key:
        '-----BEGIN PGP PUBLIC KEY BLOCK-----\r\nVersion: OpenPGP.js v4.10.8\r\nComment: https://openpgpjs.org\r\n\r\nxjMEX1EW2BYJKwYBBAHaRw8BAQdAsXOrmM9B4fxNes6Jh+g2XkEiL/A9KwEr\r\nBvHe7hPjo+LNFmZkdCA8ZmFiaWVuQGRpdG9yZS5jaD7CjwQQFgoAIAUCX1EW\r\n2AYLCQcIAwIEFQgKAgQWAgEAAhkBAhsDAh4BACEJEJlggC2aRZuuFiEEoKAz\r\nIC53RomND6b4mWCALZpFm64wgAD5Aa1HlHsYXrxg/2Sv9x3ZjvNNYoGmxmrd\r\nJEjZmJzP414BAMCk6UqYjlPo8+756aT994G5znOKesAEWhqkqyZk52sGzjgE\r\nX1EW2BIKKwYBBAGXVQEFAQEHQOQAORfMNhacXQiC04Wo2ytY/ntItKLmo5Qd\r\nan8jFS98AwEIB8J4BBgWCAAJBQJfURbYAhsMACEJEJlggC2aRZuuFiEEoKAz\r\nIC53RomND6b4mWCALZpFm67UDwD/Yu15fnxWzbza6LFH+39lYYPcjEWceCqI\r\nlVq1FvdCb5MBALKHqbLvk2zX27EZIl0/vhSuIg3t70onJ2ue9r/ezasH\r\n=rPEN\r\n-----END PGP PUBLIC KEY BLOCK-----\r\n',
       _id: '5f5116d947167df48862165c' } ],
  insertedCount: 1,
  insertedId: '5f5116d947167df48862165c' }
{ result: { n: 1, ok: 1 },
  connection:
   { domain: null,
     _events: {},
     _eventsCount: 4,
     id: 1,
     address: '127.0.0.1:27017',
     bson: {},
     socketTimeout: 360000,
     monitorCommands: false,
     closed: false,
     destroyed: false,
     lastIsMasterMS: 0 },
  message:
   { parsed: true,
     raw: { type: 'Buffer', data: [Array] },
     data: { type: 'Buffer', data: [Array] },
     bson: {},
     opts:
      { promoteLongs: true,
        promoteValues: true,
        promoteBuffers: false },
     length: 45,
     requestId: 13191,
     responseTo: 1202,
     opCode: 2013,
     responseFlags: 0,
     checksumPresent: false,
     moreToCome: false,
     exhaustAllowed: false,
     promoteLongs: true,
     promoteValues: true,
     promoteBuffers: false,
     documents: [ [Object] ],
     index: 29 },
  ops:
   [ { tracker_id: '0e478c52-0189-4ad2-a750-d9ac099ed9d5',
       pub_key:
        '-----BEGIN PGP PUBLIC KEY BLOCK-----\r\nVersion: OpenPGP.js v4.10.8\r\nComment: https://openpgpjs.org\r\n\r\nxjMEX1EYJxYJKwYBBAHaRw8BAQdATDLgafKCr7ULghyPM2qAhizdlL5oCMwd\r\njHXFYaeHmCXNFmZkdCA8ZmFiaWVuQGRpdG9yZS5jaD7CjwQQFgoAIAUCX1EY\r\nJwYLCQcIAwIEFQgKAgQWAgEAAhkBAhsDAh4BACEJEK9WrFWm2tBJFiEE+IH9\r\nNwAtDjM983UNr1asVaba0EnghQEAwMnRfJWsN7CuRGYRhYkwx8io9PHPkdbN\r\nczlLQPqtFpAA+waNKq7UVhhhss6533UwtIGpnCU9GJJa/ihn3P+8Y94JzjgE\r\nX1EYJxIKKwYBBAGXVQEFAQEHQLgJdurCvaLRThIlbJ3xH1Ow/rlS3JMJFYY1\r\nfpHJ4J9PAwEIB8J4BBgWCAAJBQJfURgnAhsMACEJEK9WrFWm2tBJFiEE+IH9\r\nNwAtDjM983UNr1asVaba0EnwxwEA1oSjCxxG25h6kYOb4ELpUgC7GQjBT7Zp\r\nfLyBiEkgTY8A/RENqSr6CjfQUpA8Y1lIOFsS7n5OwGGdsf5BiZTpyTkF\r\n=RCyf\r\n-----END PGP PUBLIC KEY BLOCK-----\r\n',
       _id: '5f51182847167df48862165d' } ],
  insertedCount: 1,
  insertedId: '5f51182847167df48862165d' }
{ result: { n: 1, ok: 1 },
  connection:
   { domain: null,
     _events: {},
     _eventsCount: 4,
     id: 1,
     address: '127.0.0.1:27017',
     bson: {},
     socketTimeout: 360000,
     monitorCommands: false,
     closed: false,
     destroyed: false,
     lastIsMasterMS: 0 },
  message:
   { parsed: true,
     raw: { type: 'Buffer', data: [Array] },
     data: { type: 'Buffer', data: [Array] },
     bson: {},
     opts:
      { promoteLongs: true,
        promoteValues: true,
        promoteBuffers: false },
     length: 45,
     requestId: 13207,
     responseTo: 1208,
     opCode: 2013,
     responseFlags: 0,
     checksumPresent: false,
     moreToCome: false,
     exhaustAllowed: false,
     promoteLongs: true,
     promoteValues: true,
     promoteBuffers: false,
     documents: [ [Object] ],
     index: 29 },
  ops:
   [ { tracker_id: 'd39a6920-dcdc-4838-aa35-3e5d6992139c',
       pub_key:
        '-----BEGIN PGP PUBLIC KEY BLOCK-----\r\nVersion: OpenPGP.js v4.10.8\r\nComment: https://openpgpjs.org\r\n\r\nxjMEX1EYSRYJKwYBBAHaRw8BAQdA+7sfgRDJ6l7nY0i/H3Ki6gYWtQxK/0rP\r\nhpbuWDRYaSTNFmZkdCA8ZmFiaWVuQGRpdG9yZS5jaD7CjwQQFgoAIAUCX1EY\r\nSQYLCQcIAwIEFQgKAgQWAgEAAhkBAhsDAh4BACEJEHSLhlf5Xy1XFiEE/6uW\r\nQEuCK4Cjm6e+dIuGV/lfLVcCxQD+Me52WiILVdsBXoxXP894owKoHU37nFTI\r\nI2FvdlpzW5kBANCqEYmoK0KvORBIF9piPAb+Jq42ncytrMFKWT9EQ2oFzjgE\r\nX1EYSRIKKwYBBAGXVQEFAQEHQN1jbGzF3uOCeuJzy5Z8hXuUCiZjgFeXuH+B\r\nPBgGrLdZAwEIB8J4BBgWCAAJBQJfURhJAhsMACEJEHSLhlf5Xy1XFiEE/6uW\r\nQEuCK4Cjm6e+dIuGV/lfLVf+QQEAmCXDfF6PrXgYg9KEm2PYaesUswXTkU96\r\n1nlA5muSw0IBAJJz5MvLMelgJ2aABGJkeUTpRKdm1lnj4WHeAOioIqMP\r\n=azqs\r\n-----END PGP PUBLIC KEY BLOCK-----\r\n',
       _id: '5f51184947167df48862165e' } ],
  insertedCount: 1,
  insertedId: '5f51184947167df48862165e' }
